
> sportsbook-tracker@0.1.0 build
> next build

  ▲ Next.js 14.2.5

   Creating an optimized production build ...
 ✓ Compiled successfully
   Linting and checking validity of types ...
   Collecting page data ...
   Generating static pages (0/9) ...
   Generating static pages (2/9) 
   Generating static pages (4/9) 
   Generating static pages (6/9) 
 ✓ Generating static pages (9/9)
   Finalizing page optimization ...
   Collecting build traces ...

Route (app)                              Size     First Load JS
┌ ○ /                                    3.03 kB        90.2 kB
├ ○ /_not-found                          871 B          88.1 kB
├ ○ /bets                                3.82 kB         237 kB
├ ○ /calculator                          4.43 kB        98.5 kB
├ ○ /noelle                              2.27 kB        89.5 kB
└ ○ /tracker                             3.43 kB         236 kB
+ First Load JS shared by all            87.2 kB
  ├ chunks/23-d4a684d53dfe5c00.js        31.7 kB
  ├ chunks/fd9d1056-62aaf4b921c84028.js  53.6 kB
  └ other shared chunks (total)          1.91 kB


○  (Static)  prerendered as static content

